<?xml version="1.0" encoding="UTF-8"?>
<!-- Generated by org.testng.reporters.JUnitXMLReporter -->
<testsuite hostname="DESKTOP-5GI3OCP" ignored="0" name="Default test" tests="3" failures="0" timestamp="27 Apr 2021 23:14:19 GMT" time="0.036" errors="0">
  <testcase name="createUser" time="0.008" classname="selenium.ParameterizedTest"/>
  <testcase name="createUser" time="0.001" classname="selenium.ParameterizedTest"/>
  <testcase name="createUser" time="0.001" classname="selenium.ParameterizedTest"/>
</testsuite> <!-- Default test -->
